{"level":"info","message":"Server connecting on port: 5050","timestamp":"2025-05-09T00:23:28.179Z"}
{"level":"info","message":"Server connecting on port: 5050","timestamp":"2025-05-09T00:25:09.907Z"}
{"level":"info","message":"Server connecting on port: 5000","timestamp":"2025-05-09T00:27:35.485Z"}
{"level":"error","message":"dangg: E11000 duplicate key error collection: online-course.users index: email_1 dup key: { email: \"umar@gmail.com\" }","timestamp":"2025-05-09T00:28:40.049Z"}
{"level":"error","message":"dangg: ValidationError: \"category_id\" is required","timestamp":"2025-05-09T00:29:38.066Z"}
{"level":"error","message":"dangg: ValidationError: \"category_id\" is required","timestamp":"2025-05-09T00:29:57.148Z"}
{"level":"error","message":"dangg: ValidationError: \"price\" must be a string","timestamp":"2025-05-09T00:30:13.361Z"}
{"level":"error","message":"dangg: ValidationError: \"price\" must be a string","timestamp":"2025-05-09T00:30:26.670Z"}
{"level":"error","message":"dangg: ValidationError: \"price\" must be a string","timestamp":"2025-05-09T00:31:03.344Z"}
{"level":"info","message":"Server connecting on port: 5000","timestamp":"2025-05-09T00:32:48.104Z"}
{"level":"info","message":"Server connecting on port: 5000","timestamp":"2025-05-09T00:32:51.815Z"}
{"level":"info","message":"Server connecting on port: 5000","timestamp":"2025-05-09T00:32:56.593Z"}
{"level":"info","message":"Server connecting on port: 5000","timestamp":"2025-05-09T00:33:02.796Z"}
{"level":"error","message":"dangg: ValidationError: \"price\" must be a string","timestamp":"2025-05-09T00:33:15.758Z"}
{"level":"info","message":"Server connecting on port: 5000","timestamp":"2025-05-09T00:33:58.077Z"}
{"level":"error","message":"dangg: Course validation failed: author: Cast to ObjectId failed for value \"Dssdvsd\" (type string) at path \"author\" because of \"BSONError\", category_id: Path `category_id` is required.","timestamp":"2025-05-09T00:34:02.136Z"}
{"level":"info","message":"Server connecting on port: 5000","timestamp":"2025-05-09T00:34:53.357Z"}
{"level":"error","message":"dangg: Course validation failed: author: Cast to ObjectId failed for value \"Dssdvsd\" (type string) at path \"author\" because of \"BSONError\"","timestamp":"2025-05-09T00:34:53.877Z"}
{"level":"info","message":"Server connecting on port: 5000","timestamp":"2025-05-09T03:46:57.223Z"}
{"level":"error","message":"dangg: ValidationError: \"role\" is not allowed","timestamp":"2025-05-09T03:49:54.600Z"}
{"level":"error","message":"dangg: ValidationError: \"role\" is not allowed","timestamp":"2025-05-09T03:52:04.349Z"}
{"level":"error","message":"dangg: E11000 duplicate key error collection: e-course.users index: email_1 dup key: { email: \"baxa@gmail.com\" }","timestamp":"2025-05-09T03:53:23.227Z"}
{"level":"error","message":"dangg: E11000 duplicate key error collection: e-course.users index: email_1 dup key: { email: \"baxa@gmail.com\" }","timestamp":"2025-05-09T03:54:14.431Z"}
{"level":"info","message":"Server connecting on port: 5000","timestamp":"2025-05-09T03:55:01.330Z"}
{"level":"info","message":"Server connecting on port: 5000","timestamp":"2025-05-09T03:55:05.598Z"}
{"level":"info","message":"Server connecting on port: 5000","timestamp":"2025-05-09T03:55:07.985Z"}
{"level":"info","message":"Server connecting on port: 5000","timestamp":"2025-05-09T03:55:09.096Z"}
{"level":"info","message":"Server connecting on port: 5000","timestamp":"2025-05-09T03:55:10.313Z"}
{"level":"info","message":"Server connecting on port: 5000","timestamp":"2025-05-09T03:55:11.377Z"}
{"level":"error","message":"dangg: Cannot populate path `course` because it is not in your schema. Set the `strictPopulate` option to false to override.","timestamp":"2025-05-09T03:56:34.133Z"}
{"level":"error","message":"dangg: Cannot populate path `course` because it is not in your schema. Set the `strictPopulate` option to false to override.","timestamp":"2025-05-09T03:57:51.129Z"}
{"level":"info","message":"Server connecting on port: 5000","timestamp":"2025-05-09T03:59:09.206Z"}
{"level":"info","message":"Server connecting on port: 5000","timestamp":"2025-05-09T04:00:20.890Z"}
{"level":"info","message":"Server connecting on port: 5000","timestamp":"2025-05-09T04:00:37.707Z"}
{"level":"info","message":"Server connecting on port: 5000","timestamp":"2025-05-09T04:00:45.799Z"}
{"level":"info","message":"Server connecting on port: 5000","timestamp":"2025-05-09T04:01:10.592Z"}
{"level":"info","message":"Server connecting on port: 5000","timestamp":"2025-05-09T04:01:13.639Z"}
{"level":"info","message":"Server connecting on port: 5000","timestamp":"2025-05-09T04:01:17.325Z"}
{"level":"info","message":"Server connecting on port: 5000","timestamp":"2025-05-09T04:01:28.133Z"}
{"level":"info","message":"Server connecting on port: 5000","timestamp":"2025-05-09T04:01:32.824Z"}
{"level":"info","message":"Server connecting on port: 5000","timestamp":"2025-05-09T04:02:26.927Z"}
{"level":"error","message":"dangg: Cannot populate path `enrollment` because it is not in your schema. Set the `strictPopulate` option to false to override.","timestamp":"2025-05-09T04:02:35.981Z"}
{"level":"info","message":"Server connecting on port: 5000","timestamp":"2025-05-09T04:02:46.095Z"}
{"level":"info","message":"Server connecting on port: 5000","timestamp":"2025-05-09T04:02:48.454Z"}
{"level":"error","message":"dangg: Cannot populate path `course` because it is not in your schema. Set the `strictPopulate` option to false to override.","timestamp":"2025-05-09T04:02:48.960Z"}
{"level":"info","message":"Server connecting on port: 5000","timestamp":"2025-05-09T04:03:03.837Z"}
{"level":"error","message":"dangg: Cannot populate path `enrollment` because it is not in your schema. Set the `strictPopulate` option to false to override.","timestamp":"2025-05-09T04:03:04.708Z"}
{"level":"info","message":"Server connecting on port: 5000","timestamp":"2025-05-09T04:03:22.116Z"}
{"level":"info","message":"Server connecting on port: 5000","timestamp":"2025-05-09T04:06:14.022Z"}
{"level":"info","message":"Server connecting on port: 5000","timestamp":"2025-05-09T04:06:15.811Z"}
{"level":"info","message":"Server connecting on port: 5000","timestamp":"2025-05-09T04:06:20.202Z"}
{"level":"info","message":"Server connecting on port: 5000","timestamp":"2025-05-09T04:06:24.244Z"}
{"level":"info","message":"Server connecting on port: 5000","timestamp":"2025-05-09T04:06:27.166Z"}
{"level":"info","message":"Server connecting on port: 5000","timestamp":"2025-05-09T04:06:31.143Z"}
{"level":"info","message":"Server connecting on port: 5000","timestamp":"2025-05-09T04:06:33.228Z"}
{"level":"info","message":"Server connecting on port: 5000","timestamp":"2025-05-09T04:06:37.412Z"}
{"level":"info","message":"Server connecting on port: 5000","timestamp":"2025-05-09T04:06:42.830Z"}
{"level":"info","message":"Server connecting on port: 5000","timestamp":"2025-05-09T04:06:54.146Z"}
{"level":"error","message":"dangg: Cannot populate path `course_id` because it is not in your schema. Set the `strictPopulate` option to false to override.","timestamp":"2025-05-09T04:07:04.232Z"}
{"level":"info","message":"Server connecting on port: 5000","timestamp":"2025-05-09T04:07:22.450Z"}
{"level":"error","message":"dangg: Cannot populate path `course_id` because it is not in your schema. Set the `strictPopulate` option to false to override.","timestamp":"2025-05-09T04:07:22.859Z"}
{"level":"info","message":"Server connecting on port: 5000","timestamp":"2025-05-09T04:07:55.193Z"}
{"level":"info","message":"Server connecting on port: 5000","timestamp":"2025-05-09T04:08:11.912Z"}
{"level":"info","message":"Server connecting on port: 5000","timestamp":"2025-05-09T04:08:20.705Z"}
{"level":"info","message":"Server connecting on port: 5000","timestamp":"2025-05-09T04:08:41.554Z"}
{"level":"info","message":"Server connecting on port: 5000","timestamp":"2025-05-09T04:09:00.698Z"}
{"level":"info","message":"Server connecting on port: 5000","timestamp":"2025-05-09T04:09:02.522Z"}
{"level":"info","message":"Server connecting on port: 5000","timestamp":"2025-05-09T04:09:04.939Z"}
{"level":"info","message":"Server connecting on port: 5000","timestamp":"2025-05-09T04:09:31.534Z"}
{"level":"info","message":"Server connecting on port: 5000","timestamp":"2025-05-09T04:09:33.721Z"}
{"level":"info","message":"Server connecting on port: 5000","timestamp":"2025-05-09T04:09:40.410Z"}
{"level":"info","message":"Server connecting on port: 5000","timestamp":"2025-05-09T04:09:44.496Z"}
{"level":"info","message":"Server connecting on port: 5000","timestamp":"2025-05-09T04:09:48.542Z"}
{"level":"info","message":"Server connecting on port: 5000","timestamp":"2025-05-09T04:09:52.691Z"}
{"level":"info","message":"Server connecting on port: 5000","timestamp":"2025-05-09T04:09:55.494Z"}
{"level":"info","message":"Server connecting on port: 5000","timestamp":"2025-05-09T04:09:57.868Z"}
{"level":"info","message":"Server connecting on port: 5000","timestamp":"2025-05-09T04:09:59.123Z"}
{"level":"info","message":"Server connecting on port: 5000","timestamp":"2025-05-09T04:10:11.379Z"}
{"level":"info","message":"Server connecting on port: 5000","timestamp":"2025-05-09T04:10:13.913Z"}
{"level":"info","message":"Server connecting on port: 5000","timestamp":"2025-05-09T04:10:57.700Z"}
{"level":"info","message":"Server connecting on port: 5000","timestamp":"2025-05-09T04:11:17.255Z"}
{"level":"info","message":"Server connecting on port: 5000","timestamp":"2025-05-09T04:11:23.137Z"}
{"level":"info","message":"Server connecting on port: 5000","timestamp":"2025-05-09T04:11:25.278Z"}
{"level":"info","message":"Server connecting on port: 5000","timestamp":"2025-05-09T04:11:41.433Z"}
{"level":"info","message":"Server connecting on port: 5000","timestamp":"2025-05-09T04:11:43.656Z"}
{"level":"info","message":"Server connecting on port: 5000","timestamp":"2025-05-09T04:11:45.084Z"}
{"level":"info","message":"Server connecting on port: 5000","timestamp":"2025-05-09T04:13:24.873Z"}
{"level":"info","message":"Server connecting on port: 5000","timestamp":"2025-05-09T04:13:30.055Z"}
{"level":"info","message":"Server connecting on port: 5000","timestamp":"2025-05-09T04:13:43.941Z"}
{"level":"info","message":"Server connecting on port: 5000","timestamp":"2025-05-09T04:13:56.783Z"}
{"level":"info","message":"Server connecting on port: 5000","timestamp":"2025-05-09T04:20:22.654Z"}
{"level":"info","message":"Server connecting on port: 5000","timestamp":"2025-05-09T04:20:32.209Z"}
{"level":"info","message":"Server connecting on port: 5000","timestamp":"2025-05-09T04:20:34.338Z"}
{"level":"info","message":"Server connecting on port: 5000","timestamp":"2025-05-09T04:20:35.845Z"}
{"level":"info","message":"Server connecting on port: 5000","timestamp":"2025-05-09T04:20:47.429Z"}
{"level":"info","message":"Server connecting on port: 5000","timestamp":"2025-05-09T04:20:50.019Z"}
{"level":"info","message":"Server connecting on port: 5000","timestamp":"2025-05-09T04:20:54.445Z"}
{"level":"info","message":"Server connecting on port: 5000","timestamp":"2025-05-09T04:21:02.725Z"}
{"level":"info","message":"Server connecting on port: 5000","timestamp":"2025-05-09T04:21:04.878Z"}
{"level":"info","message":"Server connecting on port: 5000","timestamp":"2025-05-09T04:21:07.486Z"}
{"level":"info","message":"Server connecting on port: 5000","timestamp":"2025-05-09T04:21:10.635Z"}
{"level":"info","message":"Server connecting on port: 5000","timestamp":"2025-05-09T04:21:12.953Z"}
{"level":"info","message":"Server connecting on port: 5000","timestamp":"2025-05-09T04:21:14.601Z"}
{"level":"info","message":"Server connecting on port: 5000","timestamp":"2025-05-09T04:21:55.687Z"}
{"level":"info","message":"Server connecting on port: 5000","timestamp":"2025-05-09T04:21:58.648Z"}
{"level":"info","message":"Server connecting on port: 5000","timestamp":"2025-05-09T04:22:10.349Z"}
{"level":"info","message":"Server connecting on port: 5000","timestamp":"2025-05-09T04:22:11.589Z"}
{"level":"info","message":"Server connecting on port: 5000","timestamp":"2025-05-09T04:22:15.977Z"}
{"level":"info","message":"Server connecting on port: 5000","timestamp":"2025-05-09T04:22:17.634Z"}
{"level":"info","message":"Server connecting on port: 5000","timestamp":"2025-05-09T04:22:18.760Z"}
{"level":"info","message":"Server connecting on port: 5000","timestamp":"2025-05-09T04:22:33.797Z"}
{"level":"info","message":"Server connecting on port: 5000","timestamp":"2025-05-09T04:25:27.953Z"}
{"level":"info","message":"Server connecting on port: 5000","timestamp":"2025-05-09T04:25:37.166Z"}
{"level":"error","message":"dangg: user not found or role could be author","timestamp":"2025-05-09T04:26:32.170Z"}
{"level":"info","message":"Server connecting on port: 5000","timestamp":"2025-05-09T04:27:06.113Z"}
{"level":"info","message":"Server connecting on port: 5000","timestamp":"2025-05-09T04:27:24.826Z"}
{"level":"info","message":"Server connecting on port: 5000","timestamp":"2025-05-09T04:27:31.208Z"}
{"level":"info","message":"Server connecting on port: 5000","timestamp":"2025-05-09T04:27:32.494Z"}
{"level":"info","message":"Server connecting on port: 5000","timestamp":"2025-05-09T04:28:25.809Z"}
{"level":"info","message":"Server connecting on port: 5000","timestamp":"2025-05-09T04:28:37.469Z"}
{"level":"info","message":"Server connecting on port: 5000","timestamp":"2025-05-09T04:28:39.640Z"}
{"level":"info","message":"Server connecting on port: 5000","timestamp":"2025-05-09T04:28:45.298Z"}
{"level":"info","message":"Server connecting on port: 5000","timestamp":"2025-05-09T04:28:53.188Z"}
{"level":"info","message":"Server connecting on port: 5000","timestamp":"2025-05-09T04:29:01.832Z"}
{"level":"info","message":"Server connecting on port: 5000","timestamp":"2025-05-09T04:29:04.272Z"}
{"level":"info","message":"Server connecting on port: 5000","timestamp":"2025-05-09T04:29:09.264Z"}
{"level":"info","message":"Server connecting on port: 5000","timestamp":"2025-05-09T04:29:15.070Z"}
{"level":"info","message":"Server connecting on port: 5000","timestamp":"2025-05-09T04:29:18.601Z"}
{"level":"info","message":"Server connecting on port: 5000","timestamp":"2025-05-09T04:29:21.611Z"}
{"level":"info","message":"Server connecting on port: 5000","timestamp":"2025-05-09T04:29:30.269Z"}
{"level":"info","message":"Server connecting on port: 5000","timestamp":"2025-05-09T05:02:58.372Z"}
{"level":"error","message":"dangg: ValidationError: \"author_id\" is required","timestamp":"2025-05-09T05:03:46.366Z"}
{"level":"error","message":"dangg: Cast to ObjectId failed for value \"Dssdvsd\" (type string) at path \"_id\" for model \"User\"","timestamp":"2025-05-09T05:04:50.804Z"}
{"level":"info","message":"Server connecting on port: 5000","timestamp":"2025-05-09T05:06:51.406Z"}
{"level":"error","message":"dangg: Cannot destructure property 'fullName' of 'value' as it is undefined.","timestamp":"2025-05-09T05:07:46.417Z"}
{"level":"error","message":"dangg: Cannot populate path `category_id_id` because it is not in your schema. Set the `strictPopulate` option to false to override.","timestamp":"2025-05-09T05:09:12.810Z"}
{"level":"error","message":"dangg: ValidationError: \"author_id\" is not allowed to be empty","timestamp":"2025-05-09T05:09:24.038Z"}
{"level":"error","message":"dangg: category not found ","timestamp":"2025-05-09T05:10:04.572Z"}
{"level":"info","message":"Server connecting on port: 5000","timestamp":"2025-05-09T05:12:03.787Z"}
{"level":"error","message":"dangg: Cannot populate path `category_id_id` because it is not in your schema. Set the `strictPopulate` option to false to override.","timestamp":"2025-05-09T05:14:17.975Z"}
{"level":"info","message":"Server connecting on port: 5000","timestamp":"2025-05-09T05:14:58.623Z"}
{"level":"info","message":"Server connecting on port: 5000","timestamp":"2025-05-09T05:15:05.790Z"}
{"level":"info","message":"Server connecting on port: 5000","timestamp":"2025-05-09T05:33:39.460Z"}
{"level":"info","message":"Server connecting on port: 5000","timestamp":"2025-05-09T05:33:50.112Z"}
{"level":"info","message":"Server connecting on port: 5000","timestamp":"2025-05-09T05:35:08.412Z"}
{"level":"info","message":"Server connecting on port: 5000","timestamp":"2025-05-09T05:35:15.796Z"}
{"level":"info","message":"Server connecting on port: 5000","timestamp":"2025-05-09T05:35:20.280Z"}
{"level":"info","message":"Server connecting on port: 5000","timestamp":"2025-05-09T05:35:24.173Z"}
{"level":"info","message":"Server connecting on port: 5000","timestamp":"2025-05-09T05:35:27.794Z"}
{"level":"info","message":"Server connecting on port: 5000","timestamp":"2025-05-09T05:35:34.758Z"}
{"level":"error","message":"dangg: id is not defined","timestamp":"2025-05-09T05:36:04.247Z"}
{"level":"info","message":"Server connecting on port: 5000","timestamp":"2025-05-09T05:36:47.052Z"}
{"level":"info","message":"Server connecting on port: 5000","timestamp":"2025-05-09T05:38:13.492Z"}
{"level":"info","message":"Server connecting on port: 5000","timestamp":"2025-05-09T05:38:52.794Z"}
{"level":"info","message":"Server connecting on port: 5000","timestamp":"2025-05-09T05:39:06.547Z"}
{"level":"info","message":"Server connecting on port: 5000","timestamp":"2025-05-09T05:39:09.561Z"}
{"level":"info","message":"Server connecting on port: 5000","timestamp":"2025-05-09T05:39:12.245Z"}
{"level":"info","message":"Server connecting on port: 5000","timestamp":"2025-05-09T05:39:17.673Z"}
{"level":"info","message":"Server connecting on port: 5000","timestamp":"2025-05-09T05:39:23.012Z"}
{"level":"info","message":"Server connecting on port: 5000","timestamp":"2025-05-09T05:39:25.385Z"}
{"level":"info","message":"Server connecting on port: 5000","timestamp":"2025-05-09T05:39:29.631Z"}
{"level":"info","message":"Server connecting on port: 5000","timestamp":"2025-05-09T05:39:31.659Z"}
{"level":"info","message":"Server connecting on port: 5000","timestamp":"2025-05-09T05:39:36.981Z"}
{"level":"info","message":"Server connecting on port: 5000","timestamp":"2025-05-09T05:39:48.203Z"}
{"level":"info","message":"Server connecting on port: 5000","timestamp":"2025-05-09T05:39:58.379Z"}
{"level":"info","message":"Server connecting on port: 5000","timestamp":"2025-05-09T05:40:02.930Z"}
{"level":"info","message":"Server connecting on port: 5000","timestamp":"2025-05-09T05:40:06.898Z"}
{"level":"error","message":"dangg: user not found ","timestamp":"2025-05-09T05:40:12.757Z"}
{"level":"info","message":"Server connecting on port: 5000","timestamp":"2025-05-09T05:43:28.885Z"}
{"level":"info","message":"Server connecting on port: 5000","timestamp":"2025-05-09T05:43:36.005Z"}
{"level":"info","message":"Server connecting on port: 5000","timestamp":"2025-05-09T05:44:27.673Z"}
{"level":"info","message":"Server connecting on port: 5000","timestamp":"2025-05-09T05:44:38.277Z"}
{"level":"info","message":"Server connecting on port: 5000","timestamp":"2025-05-09T05:44:41.887Z"}
{"level":"info","message":"Server connecting on port: 5000","timestamp":"2025-05-09T05:44:45.252Z"}
{"level":"info","message":"Server connecting on port: 5000","timestamp":"2025-05-09T05:44:53.631Z"}
{"level":"info","message":"Server connecting on port: 5000","timestamp":"2025-05-09T05:44:55.046Z"}
{"level":"info","message":"Server connecting on port: 5000","timestamp":"2025-05-09T05:45:05.628Z"}
{"level":"info","message":"Server connecting on port: 5000","timestamp":"2025-05-09T05:45:21.929Z"}
{"level":"info","message":"Server connecting on port: 5000","timestamp":"2025-05-09T05:45:26.223Z"}
{"level":"info","message":"Server connecting on port: 5000","timestamp":"2025-05-09T05:46:03.795Z"}
{"level":"info","message":"Server connecting on port: 5000","timestamp":"2025-05-09T05:46:37.182Z"}
{"level":"info","message":"Server connecting on port: 5000","timestamp":"2025-05-09T05:46:43.411Z"}
{"level":"info","message":"Server connecting on port: 5000","timestamp":"2025-05-09T05:46:44.388Z"}
{"level":"info","message":"Server connecting on port: 5000","timestamp":"2025-05-09T05:46:53.219Z"}
{"level":"info","message":"Server connecting on port: 5000","timestamp":"2025-05-09T05:46:54.319Z"}
{"level":"info","message":"Server connecting on port: 5000","timestamp":"2025-05-09T05:46:56.890Z"}
{"level":"info","message":"Server connecting on port: 5000","timestamp":"2025-05-09T05:46:59.777Z"}
{"level":"info","message":"Server connecting on port: 5000","timestamp":"2025-05-09T05:47:03.543Z"}
{"level":"info","message":"Server connecting on port: 5000","timestamp":"2025-05-09T05:47:06.909Z"}
{"level":"error","message":"dangg: Review validation failed: course_id: Path `course_id` is required., user_id: Path `user_id` is required.","timestamp":"2025-05-09T05:49:19.769Z"}
{"level":"info","message":"Server connecting on port: 5000","timestamp":"2025-05-09T05:49:49.036Z"}
{"level":"info","message":"Server connecting on port: 5000","timestamp":"2025-05-09T05:49:52.238Z"}
{"level":"error","message":"dangg: course not found ","timestamp":"2025-05-09T05:49:58.923Z"}
{"level":"error","message":"dangg: Review validation failed: commet: Path `commet` is required., rating: Path `rating` is required.","timestamp":"2025-05-09T05:50:24.953Z"}
{"level":"info","message":"Server connecting on port: 5000","timestamp":"2025-05-09T05:52:24.530Z"}
{"level":"info","message":"Server connecting on port: 5000","timestamp":"2025-05-09T05:52:27.969Z"}
{"level":"info","message":"Server connecting on port: 5000","timestamp":"2025-05-09T05:52:56.452Z"}
{"level":"info","message":"Server connecting on port: 5000","timestamp":"2025-05-09T05:57:13.862Z"}
{"level":"info","message":"Server connecting on port: 5000","timestamp":"2025-05-09T05:57:22.576Z"}
{"level":"info","message":"Server connecting on port: 5000","timestamp":"2025-05-09T05:57:47.281Z"}
{"level":"info","message":"Server connecting on port: 5000","timestamp":"2025-05-09T05:58:34.158Z"}
{"level":"info","message":"Server connecting on port: 5000","timestamp":"2025-05-09T05:58:35.517Z"}
{"level":"info","message":"Server connecting on port: 5000","timestamp":"2025-05-09T05:58:42.582Z"}
{"level":"info","message":"Server connecting on port: 5000","timestamp":"2025-05-09T05:58:43.677Z"}
{"level":"error","message":"dangg: req is not defined","timestamp":"2025-05-09T06:01:48.902Z"}
{"level":"info","message":"Server connecting on port: 5000","timestamp":"2025-05-09T06:02:00.628Z"}
